app/build/intermediates/manifest_merge_blame_file/debug/processDebugMainManifest/manifest-merger-blame-debug-report.txt
1<?xml version="1.0" encoding="utf-8"?>
2<manifest xmlns:android="http://schemas.android.com/apk/res/android"
3    package="com.timerdeuso.app"
4    android:versionCode="1"
5    android:versionName="1.0" >
6
7    <uses-sdk
8        android:minSdkVersion="28"
9        android:targetSdkVersion="35" />
10
11    <uses-permission android:name="android.permission.PACKAGE_USAGE_STATS" />
11-->src/main/AndroidManifest.xml:6:5-7:47
11-->src/main/AndroidManifest.xml:6:22-75
12    <uses-permission android:name="android.permission.POST_NOTIFICATIONS" />
12-->src/main/AndroidManifest.xml:8:5-77
12-->src/main/AndroidManifest.xml:8:22-74
13    <uses-permission android:name="android.permission.VIBRATE" />
13-->src/main/AndroidManifest.xml:9:5-66
13-->src/main/AndroidManifest.xml:9:22-63
14    <uses-permission android:name="android.permission.FOREGROUND_SERVICE" />
14-->src/main/AndroidManifest.xml:10:5-77
14-->src/main/AndroidManifest.xml:10:22-74
15    <uses-permission android:name="android.permission.FOREGROUND_SERVICE_SPECIAL_USE" />
15-->src/main/AndroidManifest.xml:11:5-89
15-->src/main/AndroidManifest.xml:11:22-86
16    <uses-permission android:name="android.permission.RECEIVE_BOOT_COMPLETED" />
16-->src/main/AndroidManifest.xml:12:5-81
16-->src/main/AndroidManifest.xml:12:22-78
17
18    <permission
18-->[androidx.core:core:1.13.1] AndroidManifest.xml:22:5-24:47
19        android:name="com.timerdeuso.app.DYNAMIC_RECEIVER_NOT_EXPORTED_PERMISSION"
19-->[androidx.core:core:1.13.1] AndroidManifest.xml:23:9-81
20        android:protectionLevel="signature" />
20-->[androidx.core:core:1.13.1] AndroidManifest.xml:24:9-44
21
22    <uses-permission android:name="com.timerdeuso.app.DYNAMIC_RECEIVER_NOT_EXPORTED_PERMISSION" />
22-->[androidx.core:core:1.13.1] AndroidManifest.xml:26:5-97
22-->[androidx.core:core:1.13.1] AndroidManifest.xml:26:22-94
23
24    <application
24-->src/main/AndroidManifest.xml:14:5-60:19
25        android:name="com.timerdeuso.app.App"
25-->src/main/AndroidManifest.xml:15:9-28
26        android:allowBackup="true"
26-->src/main/AndroidManifest.xml:16:9-35
27        android:appComponentFactory="androidx.core.app.CoreComponentFactory"
27-->[androidx.core:core:1.13.1] AndroidManifest.xml:28:18-86
28        android:debuggable="true"
29        android:extractNativeLibs="false"
30        android:icon="@mipmap/ic_launcher"
30-->src/main/AndroidManifest.xml:17:9-43
31        android:label="@string/app_name"
31-->src/main/AndroidManifest.xml:18:9-41
32        android:roundIcon="@mipmap/ic_launcher_round"
32-->src/main/AndroidManifest.xml:19:9-54
33        android:supportsRtl="true"
33-->src/main/AndroidManifest.xml:20:9-35
34        android:testOnly="true"
35        android:theme="@style/Theme.TimerDeUso" >
35-->src/main/AndroidManifest.xml:21:9-48
36        <activity
36-->src/main/AndroidManifest.xml:24:9-32:20
37            android:name="com.timerdeuso.app.ui.main.MainActivity"
37-->src/main/AndroidManifest.xml:25:13-49
38            android:exported="true"
38-->src/main/AndroidManifest.xml:26:13-36
39            android:theme="@style/Theme.TimerDeUso" >
39-->src/main/AndroidManifest.xml:27:13-52
40            <intent-filter>
40-->src/main/AndroidManifest.xml:28:13-31:29
41                <action android:name="android.intent.action.MAIN" />
41-->src/main/AndroidManifest.xml:29:17-69
41-->src/main/AndroidManifest.xml:29:25-66
42
43                <category android:name="android.intent.category.LAUNCHER" />
43-->src/main/AndroidManifest.xml:30:17-77
43-->src/main/AndroidManifest.xml:30:27-74
44            </intent-filter>
45        </activity>
46
47        <service
47-->src/main/AndroidManifest.xml:34:9-37:58
48            android:name="com.timerdeuso.app.service.UsageMonitorService"
48-->src/main/AndroidManifest.xml:35:13-56
49            android:exported="false"
49-->src/main/AndroidManifest.xml:36:13-37
50            android:foregroundServiceType="specialUse" />
50-->src/main/AndroidManifest.xml:37:13-55
51
52        <receiver
52-->src/main/AndroidManifest.xml:39:9-46:20
53            android:name="com.timerdeuso.app.receiver.AlarmActionReceiver"
53-->src/main/AndroidManifest.xml:40:13-57
54            android:exported="false" >
54-->src/main/AndroidManifest.xml:41:13-37
55            <intent-filter>
55-->src/main/AndroidManifest.xml:42:13-45:29
56                <action android:name="com.timerdeuso.ACTION_SNOOZE" />
56-->src/main/AndroidManifest.xml:43:17-71
56-->src/main/AndroidManifest.xml:43:25-68
57                <action android:name="com.timerdeuso.ACTION_SILENCE" />
57-->src/main/AndroidManifest.xml:44:17-72
57-->src/main/AndroidManifest.xml:44:25-69
58            </intent-filter>
59        </receiver>
60        <receiver
60-->src/main/AndroidManifest.xml:48:9-50:40
61            android:name="com.timerdeuso.app.receiver.MidnightResetReceiver"
61-->src/main/AndroidManifest.xml:49:13-59
62            android:exported="false" />
62-->src/main/AndroidManifest.xml:50:13-37
63        <receiver
63-->src/main/AndroidManifest.xml:52:9-58:20
64            android:name="com.timerdeuso.app.receiver.BootReceiver"
64-->src/main/AndroidManifest.xml:53:13-50
65            android:exported="true" >
65-->src/main/AndroidManifest.xml:54:13-36
66            <intent-filter>
66-->src/main/AndroidManifest.xml:55:13-57:29
67                <action android:name="android.intent.action.BOOT_COMPLETED" />
67-->src/main/AndroidManifest.xml:56:17-79
67-->src/main/AndroidManifest.xml:56:25-76
68            </intent-filter>
69        </receiver>
70
71        <provider
71-->[androidx.emoji2:emoji2:1.3.0] AndroidManifest.xml:24:9-32:20
72            android:name="androidx.startup.InitializationProvider"
72-->[androidx.emoji2:emoji2:1.3.0] AndroidManifest.xml:25:13-67
73            android:authorities="com.timerdeuso.app.androidx-startup"
73-->[androidx.emoji2:emoji2:1.3.0] AndroidManifest.xml:26:13-68
74            android:exported="false" >
74-->[androidx.emoji2:emoji2:1.3.0] AndroidManifest.xml:27:13-37
75            <meta-data
75-->[androidx.emoji2:emoji2:1.3.0] AndroidManifest.xml:29:13-31:52
76                android:name="androidx.emoji2.text.EmojiCompatInitializer"
76-->[androidx.emoji2:emoji2:1.3.0] AndroidManifest.xml:30:17-75
77                android:value="androidx.startup" />
77-->[androidx.emoji2:emoji2:1.3.0] AndroidManifest.xml:31:17-49
78            <meta-data
78-->[androidx.lifecycle:lifecycle-process:2.8.7] AndroidManifest.xml:29:13-31:52
79                android:name="androidx.lifecycle.ProcessLifecycleInitializer"
79-->[androidx.lifecycle:lifecycle-process:2.8.7] AndroidManifest.xml:30:17-78
80                android:value="androidx.startup" />
80-->[androidx.lifecycle:lifecycle-process:2.8.7] AndroidManifest.xml:31:17-49
81            <meta-data
81-->[androidx.profileinstaller:profileinstaller:1.3.1] AndroidManifest.xml:29:13-31:52
82                android:name="androidx.profileinstaller.ProfileInstallerInitializer"
82-->[androidx.profileinstaller:profileinstaller:1.3.1] AndroidManifest.xml:30:17-85
83                android:value="androidx.startup" />
83-->[androidx.profileinstaller:profileinstaller:1.3.1] AndroidManifest.xml:31:17-49
84        </provider>
85
86        <service
86-->[androidx.room:room-runtime:2.6.1] AndroidManifest.xml:24:9-28:63
87            android:name="androidx.room.MultiInstanceInvalidationService"
87-->[androidx.room:room-runtime:2.6.1] AndroidManifest.xml:25:13-74
88            android:directBootAware="true"
88-->[androidx.room:room-runtime:2.6.1] AndroidManifest.xml:26:13-43
89            android:exported="false" />
89-->[androidx.room:room-runtime:2.6.1] AndroidManifest.xml:27:13-37
90
91        <receiver
91-->[androidx.profileinstaller:profileinstaller:1.3.1] AndroidManifest.xml:34:9-52:20
92            android:name="androidx.profileinstaller.ProfileInstallReceiver"
92-->[androidx.profileinstaller:profileinstaller:1.3.1] AndroidManifest.xml:35:13-76
93            android:directBootAware="false"
93-->[androidx.profileinstaller:profileinstaller:1.3.1] AndroidManifest.xml:36:13-44
94            android:enabled="true"
94-->[androidx.profileinstaller:profileinstaller:1.3.1] AndroidManifest.xml:37:13-35
95            android:exported="true"
95-->[androidx.profileinstaller:profileinstaller:1.3.1] AndroidManifest.xml:38:13-36
96            android:permission="android.permission.DUMP" >
96-->[androidx.profileinstaller:profileinstaller:1.3.1] AndroidManifest.xml:39:13-57
97            <intent-filter>
97-->[androidx.profileinstaller:profileinstaller:1.3.1] AndroidManifest.xml:40:13-42:29
98                <action android:name="androidx.profileinstaller.action.INSTALL_PROFILE" />
98-->[androidx.profileinstaller:profileinstaller:1.3.1] AndroidManifest.xml:41:17-91
98-->[androidx.profileinstaller:profileinstaller:1.3.1] AndroidManifest.xml:41:25-88
99            </intent-filter>
100            <intent-filter>
100-->[androidx.profileinstaller:profileinstaller:1.3.1] AndroidManifest.xml:43:13-45:29
101                <action android:name="androidx.profileinstaller.action.SKIP_FILE" />
101-->[androidx.profileinstaller:profileinstaller:1.3.1] AndroidManifest.xml:44:17-85
101-->[androidx.profileinstaller:profileinstaller:1.3.1] AndroidManifest.xml:44:25-82
102            </intent-filter>
103            <intent-filter>
103-->[androidx.profileinstaller:profileinstaller:1.3.1] AndroidManifest.xml:46:13-48:29
104                <action android:name="androidx.profileinstaller.action.SAVE_PROFILE" />
104-->[androidx.profileinstaller:profileinstaller:1.3.1] AndroidManifest.xml:47:17-88
104-->[androidx.profileinstaller:profileinstaller:1.3.1] AndroidManifest.xml:47:25-85
105            </intent-filter>
106            <intent-filter>
106-->[androidx.profileinstaller:profileinstaller:1.3.1] AndroidManifest.xml:49:13-51:29
107                <action android:name="androidx.profileinstaller.action.BENCHMARK_OPERATION" />
107-->[androidx.profileinstaller:profileinstaller:1.3.1] AndroidManifest.xml:50:17-95
107-->[androidx.profileinstaller:profileinstaller:1.3.1] AndroidManifest.xml:50:25-92
108            </intent-filter>
109        </receiver>
110    </application>
111
112</manifest>